<?xml version="1.0" encoding="UTF-8"?>
<coverage generated="1619361756814" clover="3.2.0">
  <project timestamp="1619361756815" name="All files">
    <metrics statements="84" coveredstatements="84" conditionals="30" coveredconditionals="28" methods="13" coveredmethods="13" elements="127" coveredelements="125" complexity="0" loc="84" ncloc="84" packages="1" files="1" classes="1"/>
    <file name="LinkedList.js" path="F:\ReactProjects\github\data-structures-using-javascript\linkedList\LinkedList.js">
      <metrics statements="84" coveredstatements="84" conditionals="30" coveredconditionals="28" methods="13" coveredmethods="13"/>
      <line num="3" count="23" type="stmt"/>
      <line num="4" count="23" type="stmt"/>
      <line num="8" count="63" type="stmt"/>
      <line num="9" count="63" type="stmt"/>
      <line num="10" count="63" type="stmt"/>
      <line num="14" count="1" type="stmt"/>
      <line num="15" count="1" type="stmt"/>
      <line num="16" count="1" type="stmt"/>
      <line num="17" count="2" type="stmt"/>
      <line num="19" count="1" type="stmt"/>
      <line num="20" count="1" type="stmt"/>
      <line num="24" count="11" type="cond" truecount="4" falsecount="0"/>
      <line num="25" count="7" type="stmt"/>
      <line num="26" count="7" type="stmt"/>
      <line num="27" count="7" type="stmt"/>
      <line num="29" count="7" type="stmt"/>
      <line num="34" count="4" type="cond" truecount="2" falsecount="0"/>
      <line num="35" count="3" type="stmt"/>
      <line num="36" count="3" type="cond" truecount="2" falsecount="0"/>
      <line num="37" count="1" type="stmt"/>
      <line num="38" count="1" type="stmt"/>
      <line num="42" count="4" type="cond" truecount="4" falsecount="0"/>
      <line num="43" count="2" type="cond" truecount="2" falsecount="0"/>
      <line num="44" count="1" type="stmt"/>
      <line num="45" count="1" type="stmt"/>
      <line num="46" count="1" type="stmt"/>
      <line num="48" count="1" type="stmt"/>
      <line num="49" count="1" type="cond" truecount="1" falsecount="1"/>
      <line num="50" count="1" type="stmt"/>
      <line num="51" count="1" type="stmt"/>
      <line num="55" count="1" type="stmt"/>
      <line num="56" count="1" type="stmt"/>
      <line num="57" count="1" type="stmt"/>
      <line num="58" count="1" type="stmt"/>
      <line num="59" count="3" type="stmt"/>
      <line num="60" count="3" type="stmt"/>
      <line num="61" count="3" type="stmt"/>
      <line num="62" count="3" type="stmt"/>
      <line num="64" count="1" type="stmt"/>
      <line num="69" count="5" type="stmt"/>
      <line num="70" count="5" type="stmt"/>
      <line num="71" count="5" type="stmt"/>
      <line num="72" count="5" type="stmt"/>
      <line num="73" count="5" type="cond" truecount="2" falsecount="0"/>
      <line num="74" count="8" type="stmt"/>
      <line num="75" count="8" type="stmt"/>
      <line num="76" count="8" type="stmt"/>
      <line num="77" count="8" type="stmt"/>
      <line num="78" count="8" type="stmt"/>
      <line num="80" count="5" type="cond" truecount="2" falsecount="0"/>
      <line num="81" count="2" type="stmt"/>
      <line num="83" count="5" type="stmt"/>
      <line num="87" count="2" type="stmt"/>
      <line num="88" count="2" type="stmt"/>
      <line num="92" count="3" type="cond" truecount="1" falsecount="1"/>
      <line num="93" count="3" type="stmt"/>
      <line num="94" count="3" type="stmt"/>
      <line num="95" count="3" type="cond" truecount="2" falsecount="0"/>
      <line num="96" count="2" type="stmt"/>
      <line num="97" count="2" type="stmt"/>
      <line num="100" count="3" type="cond" truecount="2" falsecount="0"/>
      <line num="101" count="1" type="stmt"/>
      <line num="106" count="2" type="stmt"/>
      <line num="109" count="2" type="stmt"/>
      <line num="110" count="2" type="stmt"/>
      <line num="114" count="2" type="stmt"/>
      <line num="117" count="2" type="stmt"/>
      <line num="118" count="2" type="stmt"/>
      <line num="122" count="3" type="stmt"/>
      <line num="123" count="3" type="cond" truecount="2" falsecount="0"/>
      <line num="124" count="1" type="stmt"/>
      <line num="126" count="2" type="stmt"/>
      <line num="127" count="2" type="stmt"/>
      <line num="128" count="7" type="stmt"/>
      <line num="129" count="7" type="stmt"/>
      <line num="131" count="2" type="stmt"/>
      <line num="137" count="65" type="stmt"/>
      <line num="138" count="65" type="stmt"/>
      <line num="142" count="1" type="stmt"/>
      <line num="143" count="22" type="stmt"/>
      <line num="144" count="22" type="stmt"/>
      <line num="145" count="60" type="stmt"/>
      <line num="147" count="22" type="stmt"/>
      <line num="150" count="1" type="stmt"/>
    </file>
  </project>
</coverage>
