<?xml version="1.0" encoding="UTF-8"?>
<coverage generated="1619297140616" clover="3.2.0">
  <project timestamp="1619297140617" name="All files">
    <metrics statements="55" coveredstatements="55" conditionals="19" coveredconditionals="18" methods="10" coveredmethods="10" elements="84" coveredelements="83" complexity="0" loc="55" ncloc="55" packages="1" files="1" classes="1"/>
    <file name="LinkedList.js" path="F:\ReactProjects\github\data-structures-using-javascript\linkedList\LinkedList.js">
      <metrics statements="55" coveredstatements="55" conditionals="19" coveredconditionals="18" methods="10" coveredmethods="10"/>
      <line num="3" count="17" type="stmt"/>
      <line num="4" count="17" type="stmt"/>
      <line num="8" count="49" type="stmt"/>
      <line num="9" count="49" type="stmt"/>
      <line num="10" count="49" type="stmt"/>
      <line num="14" count="1" type="stmt"/>
      <line num="15" count="1" type="stmt"/>
      <line num="16" count="1" type="stmt"/>
      <line num="17" count="2" type="stmt"/>
      <line num="19" count="1" type="stmt"/>
      <line num="20" count="1" type="stmt"/>
      <line num="24" count="11" type="cond" truecount="4" falsecount="0"/>
      <line num="25" count="7" type="stmt"/>
      <line num="26" count="7" type="stmt"/>
      <line num="27" count="7" type="stmt"/>
      <line num="29" count="7" type="stmt"/>
      <line num="34" count="4" type="cond" truecount="2" falsecount="0"/>
      <line num="35" count="3" type="stmt"/>
      <line num="36" count="3" type="cond" truecount="2" falsecount="0"/>
      <line num="37" count="1" type="stmt"/>
      <line num="38" count="1" type="stmt"/>
      <line num="42" count="4" type="cond" truecount="4" falsecount="0"/>
      <line num="43" count="2" type="cond" truecount="2" falsecount="0"/>
      <line num="44" count="1" type="stmt"/>
      <line num="45" count="1" type="stmt"/>
      <line num="46" count="1" type="stmt"/>
      <line num="48" count="1" type="stmt"/>
      <line num="49" count="1" type="cond" truecount="1" falsecount="1"/>
      <line num="50" count="1" type="stmt"/>
      <line num="51" count="1" type="stmt"/>
      <line num="55" count="1" type="stmt"/>
      <line num="56" count="1" type="stmt"/>
      <line num="57" count="1" type="stmt"/>
      <line num="58" count="1" type="stmt"/>
      <line num="59" count="3" type="stmt"/>
      <line num="60" count="3" type="stmt"/>
      <line num="61" count="3" type="stmt"/>
      <line num="62" count="3" type="stmt"/>
      <line num="64" count="1" type="stmt"/>
      <line num="68" count="3" type="stmt"/>
      <line num="69" count="3" type="cond" truecount="2" falsecount="0"/>
      <line num="70" count="1" type="stmt"/>
      <line num="72" count="2" type="stmt"/>
      <line num="73" count="2" type="stmt"/>
      <line num="74" count="7" type="stmt"/>
      <line num="75" count="7" type="stmt"/>
      <line num="77" count="2" type="stmt"/>
      <line num="83" count="51" type="stmt"/>
      <line num="84" count="51" type="stmt"/>
      <line num="88" count="1" type="stmt"/>
      <line num="89" count="16" type="stmt"/>
      <line num="90" count="16" type="stmt"/>
      <line num="91" count="46" type="stmt"/>
      <line num="93" count="16" type="stmt"/>
      <line num="96" count="1" type="stmt"/>
    </file>
  </project>
</coverage>
