{"F:\\ReactProjects\\github\\data-structures-using-javascript\\linkedList\\LinkedList.js": {"path":"F:\\ReactProjects\\github\\data-structures-using-javascript\\linkedList\\LinkedList.js","statementMap":{"0":{"start":{"line":3,"column":2},"end":{"line":3,"column":19}},"1":{"start":{"line":4,"column":2},"end":{"line":4,"column":18}},"2":{"start":{"line":8,"column":13},"end":{"line":8,"column":41}},"3":{"start":{"line":9,"column":2},"end":{"line":9,"column":19}},"4":{"start":{"line":10,"column":2},"end":{"line":10,"column":16}},"5":{"start":{"line":14,"column":13},"end":{"line":14,"column":30}},"6":{"start":{"line":15,"column":13},"end":{"line":15,"column":22}},"7":{"start":{"line":16,"column":2},"end":{"line":18,"column":3}},"8":{"start":{"line":17,"column":3},"end":{"line":17,"column":20}},"9":{"start":{"line":19,"column":2},"end":{"line":19,"column":19}},"10":{"start":{"line":20,"column":2},"end":{"line":20,"column":16}},"11":{"start":{"line":24,"column":2},"end":{"line":24,"column":53}},"12":{"start":{"line":24,"column":41},"end":{"line":24,"column":53}},"13":{"start":{"line":25,"column":16},"end":{"line":25,"column":25}},"14":{"start":{"line":26,"column":2},"end":{"line":28,"column":3}},"15":{"start":{"line":26,"column":15},"end":{"line":26,"column":16}},"16":{"start":{"line":27,"column":3},"end":{"line":27,"column":26}},"17":{"start":{"line":29,"column":2},"end":{"line":29,"column":17}},"18":{"start":{"line":34,"column":2},"end":{"line":34,"column":49}},"19":{"start":{"line":34,"column":19},"end":{"line":34,"column":49}},"20":{"start":{"line":35,"column":15},"end":{"line":35,"column":41}},"21":{"start":{"line":36,"column":2},"end":{"line":36,"column":33}},"22":{"start":{"line":36,"column":21},"end":{"line":36,"column":33}},"23":{"start":{"line":37,"column":2},"end":{"line":37,"column":43}},"24":{"start":{"line":38,"column":2},"end":{"line":38,"column":16}},"25":{"start":{"line":42,"column":2},"end":{"line":42,"column":53}},"26":{"start":{"line":42,"column":41},"end":{"line":42,"column":53}},"27":{"start":{"line":43,"column":2},"end":{"line":47,"column":3}},"28":{"start":{"line":44,"column":3},"end":{"line":44,"column":30}},"29":{"start":{"line":45,"column":3},"end":{"line":45,"column":17}},"30":{"start":{"line":46,"column":3},"end":{"line":46,"column":10}},"31":{"start":{"line":48,"column":15},"end":{"line":48,"column":41}},"32":{"start":{"line":49,"column":2},"end":{"line":49,"column":33}},"33":{"start":{"line":49,"column":21},"end":{"line":49,"column":33}},"34":{"start":{"line":50,"column":2},"end":{"line":50,"column":29}},"35":{"start":{"line":51,"column":2},"end":{"line":51,"column":16}},"36":{"start":{"line":55,"column":13},"end":{"line":55,"column":17}},"37":{"start":{"line":56,"column":13},"end":{"line":56,"column":17}},"38":{"start":{"line":57,"column":13},"end":{"line":57,"column":22}},"39":{"start":{"line":58,"column":2},"end":{"line":63,"column":3}},"40":{"start":{"line":59,"column":3},"end":{"line":59,"column":20}},"41":{"start":{"line":60,"column":3},"end":{"line":60,"column":20}},"42":{"start":{"line":61,"column":3},"end":{"line":61,"column":15}},"43":{"start":{"line":62,"column":3},"end":{"line":62,"column":15}},"44":{"start":{"line":64,"column":2},"end":{"line":64,"column":19}},"45":{"start":{"line":68,"column":15},"end":{"line":68,"column":17}},"46":{"start":{"line":69,"column":2},"end":{"line":71,"column":3}},"47":{"start":{"line":70,"column":3},"end":{"line":70,"column":17}},"48":{"start":{"line":72,"column":13},"end":{"line":72,"column":22}},"49":{"start":{"line":73,"column":2},"end":{"line":76,"column":3}},"50":{"start":{"line":74,"column":3},"end":{"line":74,"column":39}},"51":{"start":{"line":75,"column":3},"end":{"line":75,"column":20}},"52":{"start":{"line":77,"column":2},"end":{"line":77,"column":26}},"53":{"start":{"line":83,"column":2},"end":{"line":83,"column":17}},"54":{"start":{"line":84,"column":2},"end":{"line":84,"column":19}},"55":{"start":{"line":88,"column":0},"end":{"line":94,"column":2}},"56":{"start":{"line":89,"column":12},"end":{"line":89,"column":28}},"57":{"start":{"line":90,"column":1},"end":{"line":92,"column":2}},"58":{"start":{"line":90,"column":14},"end":{"line":90,"column":31}},"59":{"start":{"line":91,"column":2},"end":{"line":91,"column":29}},"60":{"start":{"line":93,"column":1},"end":{"line":93,"column":11}},"61":{"start":{"line":96,"column":0},"end":{"line":96,"column":28}}},"fnMap":{"0":{"name":"(anonymous_0)","decl":{"start":{"line":2,"column":1},"end":{"line":2,"column":2}},"loc":{"start":{"line":2,"column":15},"end":{"line":5,"column":2}},"line":2},"1":{"name":"(anonymous_1)","decl":{"start":{"line":7,"column":1},"end":{"line":7,"column":2}},"loc":{"start":{"line":7,"column":19},"end":{"line":11,"column":2}},"line":7},"2":{"name":"(anonymous_2)","decl":{"start":{"line":13,"column":1},"end":{"line":13,"column":2}},"loc":{"start":{"line":13,"column":18},"end":{"line":21,"column":2}},"line":13},"3":{"name":"(anonymous_3)","decl":{"start":{"line":23,"column":1},"end":{"line":23,"column":2}},"loc":{"start":{"line":23,"column":19},"end":{"line":30,"column":2}},"line":23},"4":{"name":"(anonymous_4)","decl":{"start":{"line":32,"column":1},"end":{"line":32,"column":2}},"loc":{"start":{"line":32,"column":27},"end":{"line":39,"column":2}},"line":32},"5":{"name":"(anonymous_5)","decl":{"start":{"line":41,"column":1},"end":{"line":41,"column":2}},"loc":{"start":{"line":41,"column":22},"end":{"line":52,"column":2}},"line":41},"6":{"name":"(anonymous_6)","decl":{"start":{"line":54,"column":1},"end":{"line":54,"column":2}},"loc":{"start":{"line":54,"column":15},"end":{"line":65,"column":2}},"line":54},"7":{"name":"(anonymous_7)","decl":{"start":{"line":67,"column":1},"end":{"line":67,"column":2}},"loc":{"start":{"line":67,"column":9},"end":{"line":78,"column":2}},"line":67},"8":{"name":"(anonymous_8)","decl":{"start":{"line":82,"column":1},"end":{"line":82,"column":2}},"loc":{"start":{"line":82,"column":31},"end":{"line":85,"column":2}},"line":82},"9":{"name":"(anonymous_9)","decl":{"start":{"line":88,"column":24},"end":{"line":88,"column":25}},"loc":{"start":{"line":88,"column":45},"end":{"line":94,"column":1}},"line":88}},"branchMap":{"0":{"loc":{"start":{"line":24,"column":2},"end":{"line":24,"column":53}},"type":"if","locations":[{"start":{"line":24,"column":2},"end":{"line":24,"column":53}},{"start":{"line":24,"column":2},"end":{"line":24,"column":53}}],"line":24},"1":{"loc":{"start":{"line":24,"column":6},"end":{"line":24,"column":39}},"type":"binary-expr","locations":[{"start":{"line":24,"column":6},"end":{"line":24,"column":15}},{"start":{"line":24,"column":19},"end":{"line":24,"column":39}}],"line":24},"2":{"loc":{"start":{"line":34,"column":2},"end":{"line":34,"column":49}},"type":"if","locations":[{"start":{"line":34,"column":2},"end":{"line":34,"column":49}},{"start":{"line":34,"column":2},"end":{"line":34,"column":49}}],"line":34},"3":{"loc":{"start":{"line":36,"column":2},"end":{"line":36,"column":33}},"type":"if","locations":[{"start":{"line":36,"column":2},"end":{"line":36,"column":33}},{"start":{"line":36,"column":2},"end":{"line":36,"column":33}}],"line":36},"4":{"loc":{"start":{"line":42,"column":2},"end":{"line":42,"column":53}},"type":"if","locations":[{"start":{"line":42,"column":2},"end":{"line":42,"column":53}},{"start":{"line":42,"column":2},"end":{"line":42,"column":53}}],"line":42},"5":{"loc":{"start":{"line":42,"column":6},"end":{"line":42,"column":39}},"type":"binary-expr","locations":[{"start":{"line":42,"column":6},"end":{"line":42,"column":15}},{"start":{"line":42,"column":19},"end":{"line":42,"column":39}}],"line":42},"6":{"loc":{"start":{"line":43,"column":2},"end":{"line":47,"column":3}},"type":"if","locations":[{"start":{"line":43,"column":2},"end":{"line":47,"column":3}},{"start":{"line":43,"column":2},"end":{"line":47,"column":3}}],"line":43},"7":{"loc":{"start":{"line":49,"column":2},"end":{"line":49,"column":33}},"type":"if","locations":[{"start":{"line":49,"column":2},"end":{"line":49,"column":33}},{"start":{"line":49,"column":2},"end":{"line":49,"column":33}}],"line":49},"8":{"loc":{"start":{"line":69,"column":2},"end":{"line":71,"column":3}},"type":"if","locations":[{"start":{"line":69,"column":2},"end":{"line":71,"column":3}},{"start":{"line":69,"column":2},"end":{"line":71,"column":3}}],"line":69},"9":{"loc":{"start":{"line":82,"column":18},"end":{"line":82,"column":29}},"type":"default-arg","locations":[{"start":{"line":82,"column":25},"end":{"line":82,"column":29}}],"line":82}},"s":{"0":17,"1":17,"2":49,"3":49,"4":49,"5":1,"6":1,"7":1,"8":2,"9":1,"10":1,"11":11,"12":4,"13":7,"14":7,"15":7,"16":7,"17":7,"18":4,"19":1,"20":3,"21":3,"22":2,"23":1,"24":1,"25":4,"26":2,"27":2,"28":1,"29":1,"30":1,"31":1,"32":1,"33":0,"34":1,"35":1,"36":1,"37":1,"38":1,"39":1,"40":3,"41":3,"42":3,"43":3,"44":1,"45":3,"46":3,"47":1,"48":2,"49":2,"50":7,"51":7,"52":2,"53":51,"54":51,"55":1,"56":16,"57":16,"58":16,"59":46,"60":16,"61":1},"f":{"0":17,"1":49,"2":1,"3":11,"4":4,"5":4,"6":1,"7":3,"8":51,"9":16},"b":{"0":[4,7],"1":[11,9],"2":[1,3],"3":[2,1],"4":[2,2],"5":[4,3],"6":[1,1],"7":[0,1],"8":[1,2],"9":[1]},"_coverageSchema":"1a1c01bbd47fc00a2c39e90264f33305004495a9","hash":"8e78d7d8e77b15be104d31417d25d2828f228d56"}
}
