TN:
SF:linkedList\LinkedList.js
FN:2,(anonymous_0)
FN:7,(anonymous_1)
FN:13,(anonymous_2)
FN:23,(anonymous_3)
FN:32,(anonymous_4)
FN:41,(anonymous_5)
FN:54,(anonymous_6)
FN:67,(anonymous_7)
FN:82,(anonymous_8)
FN:88,(anonymous_9)
FNF:10
FNH:10
FNDA:17,(anonymous_0)
FNDA:49,(anonymous_1)
FNDA:1,(anonymous_2)
FNDA:11,(anonymous_3)
FNDA:4,(anonymous_4)
FNDA:4,(anonymous_5)
FNDA:1,(anonymous_6)
FNDA:3,(anonymous_7)
FNDA:51,(anonymous_8)
FNDA:16,(anonymous_9)
DA:3,17
DA:4,17
DA:8,49
DA:9,49
DA:10,49
DA:14,1
DA:15,1
DA:16,1
DA:17,2
DA:19,1
DA:20,1
DA:24,11
DA:25,7
DA:26,7
DA:27,7
DA:29,7
DA:34,4
DA:35,3
DA:36,3
DA:37,1
DA:38,1
DA:42,4
DA:43,2
DA:44,1
DA:45,1
DA:46,1
DA:48,1
DA:49,1
DA:50,1
DA:51,1
DA:55,1
DA:56,1
DA:57,1
DA:58,1
DA:59,3
DA:60,3
DA:61,3
DA:62,3
DA:64,1
DA:68,3
DA:69,3
DA:70,1
DA:72,2
DA:73,2
DA:74,7
DA:75,7
DA:77,2
DA:83,51
DA:84,51
DA:88,1
DA:89,16
DA:90,16
DA:91,46
DA:93,16
DA:96,1
LF:55
LH:55
BRDA:24,0,0,4
BRDA:24,0,1,7
BRDA:24,1,0,11
BRDA:24,1,1,9
BRDA:34,2,0,1
BRDA:34,2,1,3
BRDA:36,3,0,2
BRDA:36,3,1,1
BRDA:42,4,0,2
BRDA:42,4,1,2
BRDA:42,5,0,4
BRDA:42,5,1,3
BRDA:43,6,0,1
BRDA:43,6,1,1
BRDA:49,7,0,0
BRDA:49,7,1,1
BRDA:69,8,0,1
BRDA:69,8,1,2
BRDA:82,9,0,1
BRF:19
BRH:18
end_of_record
