TN:
SF:linkedList\LinkedList.js
FN:2,(anonymous_0)
FN:7,(anonymous_1)
FN:13,(anonymous_2)
FN:23,(anonymous_3)
FN:32,(anonymous_4)
FN:41,(anonymous_5)
FN:54,(anonymous_6)
FN:67,(anonymous_7)
FN:86,(anonymous_8)
FN:91,(anonymous_9)
FN:121,(anonymous_10)
FN:136,(anonymous_11)
FN:142,(anonymous_12)
FNF:13
FNH:13
FNDA:23,(anonymous_0)
FNDA:63,(anonymous_1)
FNDA:1,(anonymous_2)
FNDA:11,(anonymous_3)
FNDA:4,(anonymous_4)
FNDA:4,(anonymous_5)
FNDA:1,(anonymous_6)
FNDA:5,(anonymous_7)
FNDA:2,(anonymous_8)
FNDA:3,(anonymous_9)
FNDA:3,(anonymous_10)
FNDA:65,(anonymous_11)
FNDA:22,(anonymous_12)
DA:3,23
DA:4,23
DA:8,63
DA:9,63
DA:10,63
DA:14,1
DA:15,1
DA:16,1
DA:17,2
DA:19,1
DA:20,1
DA:24,11
DA:25,7
DA:26,7
DA:27,7
DA:29,7
DA:34,4
DA:35,3
DA:36,3
DA:37,1
DA:38,1
DA:42,4
DA:43,2
DA:44,1
DA:45,1
DA:46,1
DA:48,1
DA:49,1
DA:50,1
DA:51,1
DA:55,1
DA:56,1
DA:57,1
DA:58,1
DA:59,3
DA:60,3
DA:61,3
DA:62,3
DA:64,1
DA:69,5
DA:70,5
DA:71,5
DA:72,5
DA:73,5
DA:74,8
DA:75,8
DA:76,8
DA:77,8
DA:78,8
DA:80,5
DA:81,2
DA:83,5
DA:87,2
DA:88,2
DA:92,3
DA:93,3
DA:94,3
DA:95,3
DA:96,2
DA:97,2
DA:100,3
DA:101,1
DA:106,2
DA:109,2
DA:110,2
DA:114,2
DA:117,2
DA:118,2
DA:122,3
DA:123,3
DA:124,1
DA:126,2
DA:127,2
DA:128,7
DA:129,7
DA:131,2
DA:137,65
DA:138,65
DA:142,1
DA:143,22
DA:144,22
DA:145,60
DA:147,22
DA:150,1
LF:84
LH:84
BRDA:24,0,0,4
BRDA:24,0,1,7
BRDA:24,1,0,11
BRDA:24,1,1,9
BRDA:34,2,0,1
BRDA:34,2,1,3
BRDA:36,3,0,2
BRDA:36,3,1,1
BRDA:42,4,0,2
BRDA:42,4,1,2
BRDA:42,5,0,4
BRDA:42,5,1,3
BRDA:43,6,0,1
BRDA:43,6,1,1
BRDA:49,7,0,0
BRDA:49,7,1,1
BRDA:67,8,0,3
BRDA:73,9,0,13
BRDA:73,9,1,10
BRDA:80,10,0,2
BRDA:80,10,1,3
BRDA:92,11,0,0
BRDA:92,11,1,3
BRDA:95,12,0,5
BRDA:95,12,1,2
BRDA:100,13,0,1
BRDA:100,13,1,2
BRDA:123,14,0,1
BRDA:123,14,1,2
BRDA:136,15,0,1
BRF:30
BRH:28
end_of_record
